<?xml version="1.0" encoding="UTF-8"?>
<!-- Generated by org.testng.reporters.JUnitReportReporter -->
<testsuite hostname="LTPU-5CD141FRGF" failures="0" tests="2" name="com.AmazonDemo.DataProviderDemo" time="27.196" errors="0" timestamp="2024-08-28T15:05:10 IST" skipped="0">
  <testcase classname="com.AmazonDemo.DataProviderDemo" name="AmazonLogin" time="14.445"/>
  <testcase classname="com.AmazonDemo.DataProviderDemo" name="AmazonLogin" time="12.751"/>
</testsuite> <!-- com.AmazonDemo.DataProviderDemo -->
