<?xml version="1.0" encoding="UTF-8"?>
<!-- Generated by org.testng.reporters.JUnitReportReporter -->
<testsuite hostname="LTPU-5CD141FRGF" failures="0" tests="2" name="sp.AmazonDemoFarework.DataProviderDemo" time="28.890" errors="0" timestamp="2024-08-28T10:43:40 IST" skipped="0">
  <testcase classname="sp.AmazonDemoFarework.DataProviderDemo" name="AmazonLogin" time="16.235"/>
  <testcase classname="sp.AmazonDemoFarework.DataProviderDemo" name="AmazonLogin" time="12.655"/>
</testsuite> <!-- sp.AmazonDemoFarework.DataProviderDemo -->
