<?xml version="1.0" encoding="UTF-8"?>
<!-- Generated by org.testng.reporters.JUnitReportReporter -->
<testsuite hostname="LTPU-5CD141FRGF" failures="0" tests="1" name="sp.AmazonDemoFarework.AppTest" time="7.527" errors="0" timestamp="2024-08-21T23:53:37 IST" skipped="0">
  <testcase classname="sp.AmazonDemoFarework.AppTest" name="verifyLabelSequance" time="7.527"/>
</testsuite> <!-- sp.AmazonDemoFarework.AppTest -->
